The system is: Darwin - 17.4.0 - x86_64
Compiling the C compiler identification source file "CMakeCCompilerId.c" succeeded.
Compiler: /Library/Developer/CommandLineTools/usr/bin/cc 
Build flags: 
Id flags:  

The output was:
0


Compilation of the C compiler identification source "CMakeCCompilerId.c" produced "a.out"

The C compiler identification is AppleClang, found in "/Users/jeremy/Documents/Louvain/Q4/Elements finis/Devoirs/Devoir5/myFem-BandSolver/build/CMakeFiles/3.9.2/CompilerIdC/a.out"

Compiling the CXX compiler identification source file "CMakeCXXCompilerId.cpp" succeeded.
Compiler: /Library/Developer/CommandLineTools/usr/bin/c++ 
Build flags: 
Id flags:  

The output was:
0


Compilation of the CXX compiler identification source "CMakeCXXCompilerId.cpp" produced "a.out"

The CXX compiler identification is AppleClang, found in "/Users/jeremy/Documents/Louvain/Q4/Elements finis/Devoirs/Devoir5/myFem-BandSolver/build/CMakeFiles/3.9.2/CompilerIdCXX/a.out"

Determining if the C compiler works passed with the following output:
Change Dir: /Users/jeremy/Documents/Louvain/Q4/Elements finis/Devoirs/Devoir5/myFem-BandSolver/build/CMakeFiles/CMakeTmp

Run Build Command:"/usr/bin/make" "cmTC_247f5/fast"
/Library/Developer/CommandLineTools/usr/bin/make -f CMakeFiles/cmTC_247f5.dir/build.make CMakeFiles/cmTC_247f5.dir/build
Building C object CMakeFiles/cmTC_247f5.dir/testCCompiler.c.o
/Library/Developer/CommandLineTools/usr/bin/cc    -o CMakeFiles/cmTC_247f5.dir/testCCompiler.c.o   -c "/Users/jeremy/Documents/Louvain/Q4/Elements finis/Devoirs/Devoir5/myFem-BandSolver/build/CMakeFiles/CMakeTmp/testCCompiler.c"
Linking C executable cmTC_247f5
/usr/local/Cellar/cmake/3.9.2/bin/cmake -E cmake_link_script CMakeFiles/cmTC_247f5.dir/link.txt --verbose=1
/Library/Developer/CommandLineTools/usr/bin/cc   -Wl,-search_paths_first -Wl,-headerpad_max_install_names   CMakeFiles/cmTC_247f5.dir/testCCompiler.c.o  -o cmTC_247f5 


Detecting C compiler ABI info compiled with the following output:
Change Dir: /Users/jeremy/Documents/Louvain/Q4/Elements finis/Devoirs/Devoir5/myFem-BandSolver/build/CMakeFiles/CMakeTmp

Run Build Command:"/usr/bin/make" "cmTC_710b3/fast"
/Library/Developer/CommandLineTools/usr/bin/make -f CMakeFiles/cmTC_710b3.dir/build.make CMakeFiles/cmTC_710b3.dir/build
Building C object CMakeFiles/cmTC_710b3.dir/CMakeCCompilerABI.c.o
/Library/Developer/CommandLineTools/usr/bin/cc    -o CMakeFiles/cmTC_710b3.dir/CMakeCCompilerABI.c.o   -c /usr/local/Cellar/cmake/3.9.2/share/cmake/Modules/CMakeCCompilerABI.c
Linking C executable cmTC_710b3
/usr/local/Cellar/cmake/3.9.2/bin/cmake -E cmake_link_script CMakeFiles/cmTC_710b3.dir/link.txt --verbose=1
/Library/Developer/CommandLineTools/usr/bin/cc   -Wl,-search_paths_first -Wl,-headerpad_max_install_names  -v -Wl,-v CMakeFiles/cmTC_710b3.dir/CMakeCCompilerABI.c.o  -o cmTC_710b3 
Apple LLVM version 9.0.0 (clang-900.0.39.2)
Target: x86_64-apple-darwin17.4.0
Thread model: posix
InstalledDir: /Library/Developer/CommandLineTools/usr/bin
 "/Library/Developer/CommandLineTools/usr/bin/ld" -demangle -lto_library /Library/Developer/CommandLineTools/usr/lib/libLTO.dylib -dynamic -arch x86_64 -macosx_version_min 10.13.0 -o cmTC_710b3 -search_paths_first -headerpad_max_install_names -v CMakeFiles/cmTC_710b3.dir/CMakeCCompilerABI.c.o -lSystem /Library/Developer/CommandLineTools/usr/lib/clang/9.0.0/lib/darwin/libclang_rt.osx.a
@(#)PROGRAM:ld  PROJECT:ld64-305
configured to support archs: armv6 armv7 armv7s arm64 i386 x86_64 x86_64h armv6m armv7k armv7m armv7em (tvOS)
Library search paths:
	/usr/lib
	/usr/local/lib
Framework search paths:
	/Library/Frameworks/
	/System/Library/Frameworks/


Parsed C implicit link information from above output:
  link line regex: [^( *|.*[/\])(ld|CMAKE_LINK_STARTFILE-NOTFOUND|([^/\]+-)?ld|collect2)[^/\]*( |$)]
  ignore line: [Change Dir: /Users/jeremy/Documents/Louvain/Q4/Elements finis/Devoirs/Devoir5/myFem-BandSolver/build/CMakeFiles/CMakeTmp]
  ignore line: []
  ignore line: [Run Build Command:"/usr/bin/make" "cmTC_710b3/fast"]
  ignore line: [/Library/Developer/CommandLineTools/usr/bin/make -f CMakeFiles/cmTC_710b3.dir/build.make CMakeFiles/cmTC_710b3.dir/build]
  ignore line: [Building C object CMakeFiles/cmTC_710b3.dir/CMakeCCompilerABI.c.o]
  ignore line: [/Library/Developer/CommandLineTools/usr/bin/cc    -o CMakeFiles/cmTC_710b3.dir/CMakeCCompilerABI.c.o   -c /usr/local/Cellar/cmake/3.9.2/share/cmake/Modules/CMakeCCompilerABI.c]
  ignore line: [Linking C executable cmTC_710b3]
  ignore line: [/usr/local/Cellar/cmake/3.9.2/bin/cmake -E cmake_link_script CMakeFiles/cmTC_710b3.dir/link.txt --verbose=1]
  ignore line: [/Library/Developer/CommandLineTools/usr/bin/cc   -Wl,-search_paths_first -Wl,-headerpad_max_install_names  -v -Wl,-v CMakeFiles/cmTC_710b3.dir/CMakeCCompilerABI.c.o  -o cmTC_710b3 ]
  ignore line: [Apple LLVM version 9.0.0 (clang-900.0.39.2)]
  ignore line: [Target: x86_64-apple-darwin17.4.0]
  ignore line: [Thread model: posix]
  ignore line: [InstalledDir: /Library/Developer/CommandLineTools/usr/bin]
  link line: [ "/Library/Developer/CommandLineTools/usr/bin/ld" -demangle -lto_library /Library/Developer/CommandLineTools/usr/lib/libLTO.dylib -dynamic -arch x86_64 -macosx_version_min 10.13.0 -o cmTC_710b3 -search_paths_first -headerpad_max_install_names -v CMakeFiles/cmTC_710b3.dir/CMakeCCompilerABI.c.o -lSystem /Library/Developer/CommandLineTools/usr/lib/clang/9.0.0/lib/darwin/libclang_rt.osx.a]
    arg [/Library/Developer/CommandLineTools/usr/bin/ld] ==> ignore
    arg [-demangle] ==> ignore
    arg [-lto_library] ==> ignore, skip following value
    arg [/Library/Developer/CommandLineTools/usr/lib/libLTO.dylib] ==> skip value of -lto_library
    arg [-dynamic] ==> ignore
    arg [-arch] ==> ignore
    arg [x86_64] ==> ignore
    arg [-macosx_version_min] ==> ignore
    arg [10.13.0] ==> ignore
    arg [-o] ==> ignore
    arg [cmTC_710b3] ==> ignore
    arg [-search_paths_first] ==> ignore
    arg [-headerpad_max_install_names] ==> ignore
    arg [-v] ==> ignore
    arg [CMakeFiles/cmTC_710b3.dir/CMakeCCompilerABI.c.o] ==> ignore
    arg [-lSystem] ==> lib [System]
    arg [/Library/Developer/CommandLineTools/usr/lib/clang/9.0.0/lib/darwin/libclang_rt.osx.a] ==> lib [/Library/Developer/CommandLineTools/usr/lib/clang/9.0.0/lib/darwin/libclang_rt.osx.a]
  Library search paths: [;/usr/lib;/usr/local/lib]
  Framework search paths: [;/Library/Frameworks/;/System/Library/Frameworks/]
  remove lib [System]
  remove lib [/Library/Developer/CommandLineTools/usr/lib/clang/9.0.0/lib/darwin/libclang_rt.osx.a]
  collapse library dir [/usr/lib] ==> [/usr/lib]
  collapse library dir [/usr/local/lib] ==> [/usr/local/lib]
  collapse framework dir [/Library/Frameworks/] ==> [/Library/Frameworks]
  collapse framework dir [/System/Library/Frameworks/] ==> [/System/Library/Frameworks]
  implicit libs: []
  implicit dirs: [/usr/lib;/usr/local/lib]
  implicit fwks: [/Library/Frameworks;/System/Library/Frameworks]




Detecting C [-std=c11] compiler features compiled with the following output:
Change Dir: /Users/jeremy/Documents/Louvain/Q4/Elements finis/Devoirs/Devoir5/myFem-BandSolver/build/CMakeFiles/CMakeTmp

Run Build Command:"/usr/bin/make" "cmTC_e345b/fast"
/Library/Developer/CommandLineTools/usr/bin/make -f CMakeFiles/cmTC_e345b.dir/build.make CMakeFiles/cmTC_e345b.dir/build
Building C object CMakeFiles/cmTC_e345b.dir/feature_tests.c.o
/Library/Developer/CommandLineTools/usr/bin/cc   -std=c11 -o CMakeFiles/cmTC_e345b.dir/feature_tests.c.o   -c "/Users/jeremy/Documents/Louvain/Q4/Elements finis/Devoirs/Devoir5/myFem-BandSolver/build/CMakeFiles/feature_tests.c"
Linking C executable cmTC_e345b
/usr/local/Cellar/cmake/3.9.2/bin/cmake -E cmake_link_script CMakeFiles/cmTC_e345b.dir/link.txt --verbose=1
/Library/Developer/CommandLineTools/usr/bin/cc   -Wl,-search_paths_first -Wl,-headerpad_max_install_names   CMakeFiles/cmTC_e345b.dir/feature_tests.c.o  -o cmTC_e345b 


    Feature record: C_FEATURE:1c_function_prototypes
    Feature record: C_FEATURE:1c_restrict
    Feature record: C_FEATURE:1c_static_assert
    Feature record: C_FEATURE:1c_variadic_macros


Detecting C [-std=c99] compiler features compiled with the following output:
Change Dir: /Users/jeremy/Documents/Louvain/Q4/Elements finis/Devoirs/Devoir5/myFem-BandSolver/build/CMakeFiles/CMakeTmp

Run Build Command:"/usr/bin/make" "cmTC_cbfca/fast"
/Library/Developer/CommandLineTools/usr/bin/make -f CMakeFiles/cmTC_cbfca.dir/build.make CMakeFiles/cmTC_cbfca.dir/build
Building C object CMakeFiles/cmTC_cbfca.dir/feature_tests.c.o
/Library/Developer/CommandLineTools/usr/bin/cc   -std=c99 -o CMakeFiles/cmTC_cbfca.dir/feature_tests.c.o   -c "/Users/jeremy/Documents/Louvain/Q4/Elements finis/Devoirs/Devoir5/myFem-BandSolver/build/CMakeFiles/feature_tests.c"
Linking C executable cmTC_cbfca
/usr/local/Cellar/cmake/3.9.2/bin/cmake -E cmake_link_script CMakeFiles/cmTC_cbfca.dir/link.txt --verbose=1
/Library/Developer/CommandLineTools/usr/bin/cc   -Wl,-search_paths_first -Wl,-headerpad_max_install_names   CMakeFiles/cmTC_cbfca.dir/feature_tests.c.o  -o cmTC_cbfca 


    Feature record: C_FEATURE:1c_function_prototypes
    Feature record: C_FEATURE:1c_restrict
    Feature record: C_FEATURE:0c_static_assert
    Feature record: C_FEATURE:1c_variadic_macros


Detecting C [-std=c90] compiler features compiled with the following output:
Change Dir: /Users/jeremy/Documents/Louvain/Q4/Elements finis/Devoirs/Devoir5/myFem-BandSolver/build/CMakeFiles/CMakeTmp

Run Build Command:"/usr/bin/make" "cmTC_f26c5/fast"
/Library/Developer/CommandLineTools/usr/bin/make -f CMakeFiles/cmTC_f26c5.dir/build.make CMakeFiles/cmTC_f26c5.dir/build
Building C object CMakeFiles/cmTC_f26c5.dir/feature_tests.c.o
/Library/Developer/CommandLineTools/usr/bin/cc   -std=c90 -o CMakeFiles/cmTC_f26c5.dir/feature_tests.c.o   -c "/Users/jeremy/Documents/Louvain/Q4/Elements finis/Devoirs/Devoir5/myFem-BandSolver/build/CMakeFiles/feature_tests.c"
Linking C executable cmTC_f26c5
/usr/local/Cellar/cmake/3.9.2/bin/cmake -E cmake_link_script CMakeFiles/cmTC_f26c5.dir/link.txt --verbose=1
/Library/Developer/CommandLineTools/usr/bin/cc   -Wl,-search_paths_first -Wl,-headerpad_max_install_names   CMakeFiles/cmTC_f26c5.dir/feature_tests.c.o  -o cmTC_f26c5 


    Feature record: C_FEATURE:1c_function_prototypes
    Feature record: C_FEATURE:0c_restrict
    Feature record: C_FEATURE:0c_static_assert
    Feature record: C_FEATURE:0c_variadic_macros
Determining if the CXX compiler works passed with the following output:
Change Dir: /Users/jeremy/Documents/Louvain/Q4/Elements finis/Devoirs/Devoir5/myFem-BandSolver/build/CMakeFiles/CMakeTmp

Run Build Command:"/usr/bin/make" "cmTC_df504/fast"
/Library/Developer/CommandLineTools/usr/bin/make -f CMakeFiles/cmTC_df504.dir/build.make CMakeFiles/cmTC_df504.dir/build
Building CXX object CMakeFiles/cmTC_df504.dir/testCXXCompiler.cxx.o
/Library/Developer/CommandLineTools/usr/bin/c++     -o CMakeFiles/cmTC_df504.dir/testCXXCompiler.cxx.o -c "/Users/jeremy/Documents/Louvain/Q4/Elements finis/Devoirs/Devoir5/myFem-BandSolver/build/CMakeFiles/CMakeTmp/testCXXCompiler.cxx"
Linking CXX executable cmTC_df504
/usr/local/Cellar/cmake/3.9.2/bin/cmake -E cmake_link_script CMakeFiles/cmTC_df504.dir/link.txt --verbose=1
/Library/Developer/CommandLineTools/usr/bin/c++    -Wl,-search_paths_first -Wl,-headerpad_max_install_names   CMakeFiles/cmTC_df504.dir/testCXXCompiler.cxx.o  -o cmTC_df504 


Detecting CXX compiler ABI info compiled with the following output:
Change Dir: /Users/jeremy/Documents/Louvain/Q4/Elements finis/Devoirs/Devoir5/myFem-BandSolver/build/CMakeFiles/CMakeTmp

Run Build Command:"/usr/bin/make" "cmTC_2cadd/fast"
/Library/Developer/CommandLineTools/usr/bin/make -f CMakeFiles/cmTC_2cadd.dir/build.make CMakeFiles/cmTC_2cadd.dir/build
Building CXX object CMakeFiles/cmTC_2cadd.dir/CMakeCXXCompilerABI.cpp.o
/Library/Developer/CommandLineTools/usr/bin/c++     -o CMakeFiles/cmTC_2cadd.dir/CMakeCXXCompilerABI.cpp.o -c /usr/local/Cellar/cmake/3.9.2/share/cmake/Modules/CMakeCXXCompilerABI.cpp
Linking CXX executable cmTC_2cadd
/usr/local/Cellar/cmake/3.9.2/bin/cmake -E cmake_link_script CMakeFiles/cmTC_2cadd.dir/link.txt --verbose=1
/Library/Developer/CommandLineTools/usr/bin/c++    -Wl,-search_paths_first -Wl,-headerpad_max_install_names  -v -Wl,-v CMakeFiles/cmTC_2cadd.dir/CMakeCXXCompilerABI.cpp.o  -o cmTC_2cadd 
Apple LLVM version 9.0.0 (clang-900.0.39.2)
Target: x86_64-apple-darwin17.4.0
Thread model: posix
InstalledDir: /Library/Developer/CommandLineTools/usr/bin
 "/Library/Developer/CommandLineTools/usr/bin/ld" -demangle -lto_library /Library/Developer/CommandLineTools/usr/lib/libLTO.dylib -dynamic -arch x86_64 -macosx_version_min 10.13.0 -o cmTC_2cadd -search_paths_first -headerpad_max_install_names -v CMakeFiles/cmTC_2cadd.dir/CMakeCXXCompilerABI.cpp.o -lc++ -lSystem /Library/Developer/CommandLineTools/usr/lib/clang/9.0.0/lib/darwin/libclang_rt.osx.a
@(#)PROGRAM:ld  PROJECT:ld64-305
configured to support archs: armv6 armv7 armv7s arm64 i386 x86_64 x86_64h armv6m armv7k armv7m armv7em (tvOS)
Library search paths:
	/usr/lib
	/usr/local/lib
Framework search paths:
	/Library/Frameworks/
	/System/Library/Frameworks/


Parsed CXX implicit link information from above output:
  link line regex: [^( *|.*[/\])(ld|CMAKE_LINK_STARTFILE-NOTFOUND|([^/\]+-)?ld|collect2)[^/\]*( |$)]
  ignore line: [Change Dir: /Users/jeremy/Documents/Louvain/Q4/Elements finis/Devoirs/Devoir5/myFem-BandSolver/build/CMakeFiles/CMakeTmp]
  ignore line: []
  ignore line: [Run Build Command:"/usr/bin/make" "cmTC_2cadd/fast"]
  ignore line: [/Library/Developer/CommandLineTools/usr/bin/make -f CMakeFiles/cmTC_2cadd.dir/build.make CMakeFiles/cmTC_2cadd.dir/build]
  ignore line: [Building CXX object CMakeFiles/cmTC_2cadd.dir/CMakeCXXCompilerABI.cpp.o]
  ignore line: [/Library/Developer/CommandLineTools/usr/bin/c++     -o CMakeFiles/cmTC_2cadd.dir/CMakeCXXCompilerABI.cpp.o -c /usr/local/Cellar/cmake/3.9.2/share/cmake/Modules/CMakeCXXCompilerABI.cpp]
  ignore line: [Linking CXX executable cmTC_2cadd]
  ignore line: [/usr/local/Cellar/cmake/3.9.2/bin/cmake -E cmake_link_script CMakeFiles/cmTC_2cadd.dir/link.txt --verbose=1]
  ignore line: [/Library/Developer/CommandLineTools/usr/bin/c++    -Wl,-search_paths_first -Wl,-headerpad_max_install_names  -v -Wl,-v CMakeFiles/cmTC_2cadd.dir/CMakeCXXCompilerABI.cpp.o  -o cmTC_2cadd ]
  ignore line: [Apple LLVM version 9.0.0 (clang-900.0.39.2)]
  ignore line: [Target: x86_64-apple-darwin17.4.0]
  ignore line: [Thread model: posix]
  ignore line: [InstalledDir: /Library/Developer/CommandLineTools/usr/bin]
  link line: [ "/Library/Developer/CommandLineTools/usr/bin/ld" -demangle -lto_library /Library/Developer/CommandLineTools/usr/lib/libLTO.dylib -dynamic -arch x86_64 -macosx_version_min 10.13.0 -o cmTC_2cadd -search_paths_first -headerpad_max_install_names -v CMakeFiles/cmTC_2cadd.dir/CMakeCXXCompilerABI.cpp.o -lc++ -lSystem /Library/Developer/CommandLineTools/usr/lib/clang/9.0.0/lib/darwin/libclang_rt.osx.a]
    arg [/Library/Developer/CommandLineTools/usr/bin/ld] ==> ignore
    arg [-demangle] ==> ignore
    arg [-lto_library] ==> ignore, skip following value
    arg [/Library/Developer/CommandLineTools/usr/lib/libLTO.dylib] ==> skip value of -lto_library
    arg [-dynamic] ==> ignore
    arg [-arch] ==> ignore
    arg [x86_64] ==> ignore
    arg [-macosx_version_min] ==> ignore
    arg [10.13.0] ==> ignore
    arg [-o] ==> ignore
    arg [cmTC_2cadd] ==> ignore
    arg [-search_paths_first] ==> ignore
    arg [-headerpad_max_install_names] ==> ignore
    arg [-v] ==> ignore
    arg [CMakeFiles/cmTC_2cadd.dir/CMakeCXXCompilerABI.cpp.o] ==> ignore
    arg [-lc++] ==> lib [c++]
    arg [-lSystem] ==> lib [System]
    arg [/Library/Developer/CommandLineTools/usr/lib/clang/9.0.0/lib/darwin/libclang_rt.osx.a] ==> lib [/Library/Developer/CommandLineTools/usr/lib/clang/9.0.0/lib/darwin/libclang_rt.osx.a]
  Library search paths: [;/usr/lib;/usr/local/lib]
  Framework search paths: [;/Library/Frameworks/;/System/Library/Frameworks/]
  remove lib [System]
  remove lib [/Library/Developer/CommandLineTools/usr/lib/clang/9.0.0/lib/darwin/libclang_rt.osx.a]
  collapse library dir [/usr/lib] ==> [/usr/lib]
  collapse library dir [/usr/local/lib] ==> [/usr/local/lib]
  collapse framework dir [/Library/Frameworks/] ==> [/Library/Frameworks]
  collapse framework dir [/System/Library/Frameworks/] ==> [/System/Library/Frameworks]
  implicit libs: [c++]
  implicit dirs: [/usr/lib;/usr/local/lib]
  implicit fwks: [/Library/Frameworks;/System/Library/Frameworks]




Detecting CXX [-std=c++1z] compiler features compiled with the following output:
Change Dir: /Users/jeremy/Documents/Louvain/Q4/Elements finis/Devoirs/Devoir5/myFem-BandSolver/build/CMakeFiles/CMakeTmp

Run Build Command:"/usr/bin/make" "cmTC_3eeee/fast"
/Library/Developer/CommandLineTools/usr/bin/make -f CMakeFiles/cmTC_3eeee.dir/build.make CMakeFiles/cmTC_3eeee.dir/build
Building CXX object CMakeFiles/cmTC_3eeee.dir/feature_tests.cxx.o
/Library/Developer/CommandLineTools/usr/bin/c++    -std=c++1z -o CMakeFiles/cmTC_3eeee.dir/feature_tests.cxx.o -c "/Users/jeremy/Documents/Louvain/Q4/Elements finis/Devoirs/Devoir5/myFem-BandSolver/build/CMakeFiles/feature_tests.cxx"
Linking CXX executable cmTC_3eeee
/usr/local/Cellar/cmake/3.9.2/bin/cmake -E cmake_link_script CMakeFiles/cmTC_3eeee.dir/link.txt --verbose=1
/Library/Developer/CommandLineTools/usr/bin/c++    -Wl,-search_paths_first -Wl,-headerpad_max_install_names   CMakeFiles/cmTC_3eeee.dir/feature_tests.cxx.o  -o cmTC_3eeee 


    Feature record: CXX_FEATURE:1cxx_aggregate_default_initializers
    Feature record: CXX_FEATURE:1cxx_alias_templates
    Feature record: CXX_FEATURE:1cxx_alignas
    Feature record: CXX_FEATURE:1cxx_alignof
    Feature record: CXX_FEATURE:1cxx_attributes
    Feature record: CXX_FEATURE:1cxx_attribute_deprecated
    Feature record: CXX_FEATURE:1cxx_auto_type
    Feature record: CXX_FEATURE:1cxx_binary_literals
    Feature record: CXX_FEATURE:1cxx_constexpr
    Feature record: CXX_FEATURE:1cxx_contextual_conversions
    Feature record: CXX_FEATURE:1cxx_decltype
    Feature record: CXX_FEATURE:1cxx_decltype_auto
    Feature record: CXX_FEATURE:1cxx_decltype_incomplete_return_types
    Feature record: CXX_FEATURE:1cxx_default_function_template_args
    Feature record: CXX_FEATURE:1cxx_defaulted_functions
    Feature record: CXX_FEATURE:1cxx_defaulted_move_initializers
    Feature record: CXX_FEATURE:1cxx_delegating_constructors
    Feature record: CXX_FEATURE:1cxx_deleted_functions
    Feature record: CXX_FEATURE:1cxx_digit_separators
    Feature record: CXX_FEATURE:1cxx_enum_forward_declarations
    Feature record: CXX_FEATURE:1cxx_explicit_conversions
    Feature record: CXX_FEATURE:1cxx_extended_friend_declarations
    Feature record: CXX_FEATURE:1cxx_extern_templates
    Feature record: CXX_FEATURE:1cxx_final
    Feature record: CXX_FEATURE:1cxx_func_identifier
    Feature record: CXX_FEATURE:1cxx_generalized_initializers
    Feature record: CXX_FEATURE:1cxx_generic_lambdas
    Feature record: CXX_FEATURE:1cxx_inheriting_constructors
    Feature record: CXX_FEATURE:1cxx_inline_namespaces
    Feature record: CXX_FEATURE:1cxx_lambdas
    Feature record: CXX_FEATURE:1cxx_lambda_init_captures
    Feature record: CXX_FEATURE:1cxx_local_type_template_args
    Feature record: CXX_FEATURE:1cxx_long_long_type
    Feature record: CXX_FEATURE:1cxx_noexcept
    Feature record: CXX_FEATURE:1cxx_nonstatic_member_init
    Feature record: CXX_FEATURE:1cxx_nullptr
    Feature record: CXX_FEATURE:1cxx_override
    Feature record: CXX_FEATURE:1cxx_range_for
    Feature record: CXX_FEATURE:1cxx_raw_string_literals
    Feature record: CXX_FEATURE:1cxx_reference_qualified_functions
    Feature record: CXX_FEATURE:1cxx_relaxed_constexpr
    Feature record: CXX_FEATURE:1cxx_return_type_deduction
    Feature record: CXX_FEATURE:1cxx_right_angle_brackets
    Feature record: CXX_FEATURE:1cxx_rvalue_references
    Feature record: CXX_FEATURE:1cxx_sizeof_member
    Feature record: CXX_FEATURE:1cxx_static_assert
    Feature record: CXX_FEATURE:1cxx_strong_enums
    Feature record: CXX_FEATURE:1cxx_template_template_parameters
    Feature record: CXX_FEATURE:1cxx_thread_local
    Feature record: CXX_FEATURE:1cxx_trailing_return_types
    Feature record: CXX_FEATURE:1cxx_unicode_literals
    Feature record: CXX_FEATURE:1cxx_uniform_initialization
    Feature record: CXX_FEATURE:1cxx_unrestricted_unions
    Feature record: CXX_FEATURE:1cxx_user_literals
    Feature record: CXX_FEATURE:1cxx_variable_templates
    Feature record: CXX_FEATURE:1cxx_variadic_macros
    Feature record: CXX_FEATURE:1cxx_variadic_templates


Detecting CXX [-std=c++14] compiler features compiled with the following output:
Change Dir: /Users/jeremy/Documents/Louvain/Q4/Elements finis/Devoirs/Devoir5/myFem-BandSolver/build/CMakeFiles/CMakeTmp

Run Build Command:"/usr/bin/make" "cmTC_692fd/fast"
/Library/Developer/CommandLineTools/usr/bin/make -f CMakeFiles/cmTC_692fd.dir/build.make CMakeFiles/cmTC_692fd.dir/build
Building CXX object CMakeFiles/cmTC_692fd.dir/feature_tests.cxx.o
/Library/Developer/CommandLineTools/usr/bin/c++    -std=c++14 -o CMakeFiles/cmTC_692fd.dir/feature_tests.cxx.o -c "/Users/jeremy/Documents/Louvain/Q4/Elements finis/Devoirs/Devoir5/myFem-BandSolver/build/CMakeFiles/feature_tests.cxx"
Linking CXX executable cmTC_692fd
/usr/local/Cellar/cmake/3.9.2/bin/cmake -E cmake_link_script CMakeFiles/cmTC_692fd.dir/link.txt --verbose=1
/Library/Developer/CommandLineTools/usr/bin/c++    -Wl,-search_paths_first -Wl,-headerpad_max_install_names   CMakeFiles/cmTC_692fd.dir/feature_tests.cxx.o  -o cmTC_692fd 


    Feature record: CXX_FEATURE:1cxx_aggregate_default_initializers
    Feature record: CXX_FEATURE:1cxx_alias_templates
    Feature record: CXX_FEATURE:1cxx_alignas
    Feature record: CXX_FEATURE:1cxx_alignof
    Feature record: CXX_FEATURE:1cxx_attributes
    Feature record: CXX_FEATURE:1cxx_attribute_deprecated
    Feature record: CXX_FEATURE:1cxx_auto_type
    Feature record: CXX_FEATURE:1cxx_binary_literals
    Feature record: CXX_FEATURE:1cxx_constexpr
    Feature record: CXX_FEATURE:1cxx_contextual_conversions
    Feature record: CXX_FEATURE:1cxx_decltype
    Feature record: CXX_FEATURE:1cxx_decltype_auto
    Feature record: CXX_FEATURE:1cxx_decltype_incomplete_return_types
    Feature record: CXX_FEATURE:1cxx_default_function_template_args
    Feature record: CXX_FEATURE:1cxx_defaulted_functions
    Feature record: CXX_FEATURE:1cxx_defaulted_move_initializers
    Feature record: CXX_FEATURE:1cxx_delegating_constructors
    Feature record: CXX_FEATURE:1cxx_deleted_functions
    Feature record: CXX_FEATURE:1cxx_digit_separators
    Feature record: CXX_FEATURE:1cxx_enum_forward_declarations
    Feature record: CXX_FEATURE:1cxx_explicit_conversions
    Feature record: CXX_FEATURE:1cxx_extended_friend_declarations
    Feature record: CXX_FEATURE:1cxx_extern_templates
    Feature record: CXX_FEATURE:1cxx_final
    Feature record: CXX_FEATURE:1cxx_func_identifier
    Feature record: CXX_FEATURE:1cxx_generalized_initializers
    Feature record: CXX_FEATURE:1cxx_generic_lambdas
    Feature record: CXX_FEATURE:1cxx_inheriting_constructors
    Feature record: CXX_FEATURE:1cxx_inline_namespaces
    Feature record: CXX_FEATURE:1cxx_lambdas
    Feature record: CXX_FEATURE:1cxx_lambda_init_captures
    Feature record: CXX_FEATURE:1cxx_local_type_template_args
    Feature record: CXX_FEATURE:1cxx_long_long_type
    Feature record: CXX_FEATURE:1cxx_noexcept
    Feature record: CXX_FEATURE:1cxx_nonstatic_member_init
    Feature record: CXX_FEATURE:1cxx_nullptr
    Feature record: CXX_FEATURE:1cxx_override
    Feature record: CXX_FEATURE:1cxx_range_for
    Feature record: CXX_FEATURE:1cxx_raw_string_literals
    Feature record: CXX_FEATURE:1cxx_reference_qualified_functions
    Feature record: CXX_FEATURE:1cxx_relaxed_constexpr
    Feature record: CXX_FEATURE:1cxx_return_type_deduction
    Feature record: CXX_FEATURE:1cxx_right_angle_brackets
    Feature record: CXX_FEATURE:1cxx_rvalue_references
    Feature record: CXX_FEATURE:1cxx_sizeof_member
    Feature record: CXX_FEATURE:1cxx_static_assert
    Feature record: CXX_FEATURE:1cxx_strong_enums
    Feature record: CXX_FEATURE:1cxx_template_template_parameters
    Feature record: CXX_FEATURE:1cxx_thread_local
    Feature record: CXX_FEATURE:1cxx_trailing_return_types
    Feature record: CXX_FEATURE:1cxx_unicode_literals
    Feature record: CXX_FEATURE:1cxx_uniform_initialization
    Feature record: CXX_FEATURE:1cxx_unrestricted_unions
    Feature record: CXX_FEATURE:1cxx_user_literals
    Feature record: CXX_FEATURE:1cxx_variable_templates
    Feature record: CXX_FEATURE:1cxx_variadic_macros
    Feature record: CXX_FEATURE:1cxx_variadic_templates


Detecting CXX [-std=c++11] compiler features compiled with the following output:
Change Dir: /Users/jeremy/Documents/Louvain/Q4/Elements finis/Devoirs/Devoir5/myFem-BandSolver/build/CMakeFiles/CMakeTmp

Run Build Command:"/usr/bin/make" "cmTC_95c41/fast"
/Library/Developer/CommandLineTools/usr/bin/make -f CMakeFiles/cmTC_95c41.dir/build.make CMakeFiles/cmTC_95c41.dir/build
Building CXX object CMakeFiles/cmTC_95c41.dir/feature_tests.cxx.o
/Library/Developer/CommandLineTools/usr/bin/c++    -std=c++11 -o CMakeFiles/cmTC_95c41.dir/feature_tests.cxx.o -c "/Users/jeremy/Documents/Louvain/Q4/Elements finis/Devoirs/Devoir5/myFem-BandSolver/build/CMakeFiles/feature_tests.cxx"
Linking CXX executable cmTC_95c41
/usr/local/Cellar/cmake/3.9.2/bin/cmake -E cmake_link_script CMakeFiles/cmTC_95c41.dir/link.txt --verbose=1
/Library/Developer/CommandLineTools/usr/bin/c++    -Wl,-search_paths_first -Wl,-headerpad_max_install_names   CMakeFiles/cmTC_95c41.dir/feature_tests.cxx.o  -o cmTC_95c41 


    Feature record: CXX_FEATURE:0cxx_aggregate_default_initializers
    Feature record: CXX_FEATURE:1cxx_alias_templates
    Feature record: CXX_FEATURE:1cxx_alignas
    Feature record: CXX_FEATURE:1cxx_alignof
    Feature record: CXX_FEATURE:1cxx_attributes
    Feature record: CXX_FEATURE:0cxx_attribute_deprecated
    Feature record: CXX_FEATURE:1cxx_auto_type
    Feature record: CXX_FEATURE:0cxx_binary_literals
    Feature record: CXX_FEATURE:1cxx_constexpr
    Feature record: CXX_FEATURE:0cxx_contextual_conversions
    Feature record: CXX_FEATURE:1cxx_decltype
    Feature record: CXX_FEATURE:0cxx_decltype_auto
    Feature record: CXX_FEATURE:1cxx_decltype_incomplete_return_types
    Feature record: CXX_FEATURE:1cxx_default_function_template_args
    Feature record: CXX_FEATURE:1cxx_defaulted_functions
    Feature record: CXX_FEATURE:1cxx_defaulted_move_initializers
    Feature record: CXX_FEATURE:1cxx_delegating_constructors
    Feature record: CXX_FEATURE:1cxx_deleted_functions
    Feature record: CXX_FEATURE:0cxx_digit_separators
    Feature record: CXX_FEATURE:1cxx_enum_forward_declarations
    Feature record: CXX_FEATURE:1cxx_explicit_conversions
    Feature record: CXX_FEATURE:1cxx_extended_friend_declarations
    Feature record: CXX_FEATURE:1cxx_extern_templates
    Feature record: CXX_FEATURE:1cxx_final
    Feature record: CXX_FEATURE:1cxx_func_identifier
    Feature record: CXX_FEATURE:1cxx_generalized_initializers
    Feature record: CXX_FEATURE:0cxx_generic_lambdas
    Feature record: CXX_FEATURE:1cxx_inheriting_constructors
    Feature record: CXX_FEATURE:1cxx_inline_namespaces
    Feature record: CXX_FEATURE:1cxx_lambdas
    Feature record: CXX_FEATURE:0cxx_lambda_init_captures
    Feature record: CXX_FEATURE:1cxx_local_type_template_args
    Feature record: CXX_FEATURE:1cxx_long_long_type
    Feature record: CXX_FEATURE:1cxx_noexcept
    Feature record: CXX_FEATURE:1cxx_nonstatic_member_init
    Feature record: CXX_FEATURE:1cxx_nullptr
    Feature record: CXX_FEATURE:1cxx_override
    Feature record: CXX_FEATURE:1cxx_range_for
    Feature record: CXX_FEATURE:1cxx_raw_string_literals
    Feature record: CXX_FEATURE:1cxx_reference_qualified_functions
    Feature record: CXX_FEATURE:0cxx_relaxed_constexpr
    Feature record: CXX_FEATURE:0cxx_return_type_deduction
    Feature record: CXX_FEATURE:1cxx_right_angle_brackets
    Feature record: CXX_FEATURE:1cxx_rvalue_references
    Feature record: CXX_FEATURE:1cxx_sizeof_member
    Feature record: CXX_FEATURE:1cxx_static_assert
    Feature record: CXX_FEATURE:1cxx_strong_enums
    Feature record: CXX_FEATURE:1cxx_template_template_parameters
    Feature record: CXX_FEATURE:1cxx_thread_local
    Feature record: CXX_FEATURE:1cxx_trailing_return_types
    Feature record: CXX_FEATURE:1cxx_unicode_literals
    Feature record: CXX_FEATURE:1cxx_uniform_initialization
    Feature record: CXX_FEATURE:1cxx_unrestricted_unions
    Feature record: CXX_FEATURE:1cxx_user_literals
    Feature record: CXX_FEATURE:0cxx_variable_templates
    Feature record: CXX_FEATURE:1cxx_variadic_macros
    Feature record: CXX_FEATURE:1cxx_variadic_templates


Detecting CXX [-std=c++98] compiler features compiled with the following output:
Change Dir: /Users/jeremy/Documents/Louvain/Q4/Elements finis/Devoirs/Devoir5/myFem-BandSolver/build/CMakeFiles/CMakeTmp

Run Build Command:"/usr/bin/make" "cmTC_3e14e/fast"
/Library/Developer/CommandLineTools/usr/bin/make -f CMakeFiles/cmTC_3e14e.dir/build.make CMakeFiles/cmTC_3e14e.dir/build
Building CXX object CMakeFiles/cmTC_3e14e.dir/feature_tests.cxx.o
/Library/Developer/CommandLineTools/usr/bin/c++    -std=c++98 -o CMakeFiles/cmTC_3e14e.dir/feature_tests.cxx.o -c "/Users/jeremy/Documents/Louvain/Q4/Elements finis/Devoirs/Devoir5/myFem-BandSolver/build/CMakeFiles/feature_tests.cxx"
Linking CXX executable cmTC_3e14e
/usr/local/Cellar/cmake/3.9.2/bin/cmake -E cmake_link_script CMakeFiles/cmTC_3e14e.dir/link.txt --verbose=1
/Library/Developer/CommandLineTools/usr/bin/c++    -Wl,-search_paths_first -Wl,-headerpad_max_install_names   CMakeFiles/cmTC_3e14e.dir/feature_tests.cxx.o  -o cmTC_3e14e 


    Feature record: CXX_FEATURE:0cxx_aggregate_default_initializers
    Feature record: CXX_FEATURE:0cxx_alias_templates
    Feature record: CXX_FEATURE:0cxx_alignas
    Feature record: CXX_FEATURE:0cxx_alignof
    Feature record: CXX_FEATURE:0cxx_attributes
    Feature record: CXX_FEATURE:0cxx_attribute_deprecated
    Feature record: CXX_FEATURE:0cxx_auto_type
    Feature record: CXX_FEATURE:0cxx_binary_literals
    Feature record: CXX_FEATURE:0cxx_constexpr
    Feature record: CXX_FEATURE:0cxx_contextual_conversions
    Feature record: CXX_FEATURE:0cxx_decltype
    Feature record: CXX_FEATURE:0cxx_decltype_auto
    Feature record: CXX_FEATURE:0cxx_decltype_incomplete_return_types
    Feature record: CXX_FEATURE:0cxx_default_function_template_args
    Feature record: CXX_FEATURE:0cxx_defaulted_functions
    Feature record: CXX_FEATURE:0cxx_defaulted_move_initializers
    Feature record: CXX_FEATURE:0cxx_delegating_constructors
    Feature record: CXX_FEATURE:0cxx_deleted_functions
    Feature record: CXX_FEATURE:0cxx_digit_separators
    Feature record: CXX_FEATURE:0cxx_enum_forward_declarations
    Feature record: CXX_FEATURE:0cxx_explicit_conversions
    Feature record: CXX_FEATURE:0cxx_extended_friend_declarations
    Feature record: CXX_FEATURE:0cxx_extern_templates
    Feature record: CXX_FEATURE:0cxx_final
    Feature record: CXX_FEATURE:0cxx_func_identifier
    Feature record: CXX_FEATURE:0cxx_generalized_initializers
    Feature record: CXX_FEATURE:0cxx_generic_lambdas
    Feature record: CXX_FEATURE:0cxx_inheriting_constructors
    Feature record: CXX_FEATURE:0cxx_inline_namespaces
    Feature record: CXX_FEATURE:0cxx_lambdas
    Feature record: CXX_FEATURE:0cxx_lambda_init_captures
    Feature record: CXX_FEATURE:0cxx_local_type_template_args
    Feature record: CXX_FEATURE:0cxx_long_long_type
    Feature record: CXX_FEATURE:0cxx_noexcept
    Feature record: CXX_FEATURE:0cxx_nonstatic_member_init
    Feature record: CXX_FEATURE:0cxx_nullptr
    Feature record: CXX_FEATURE:0cxx_override
    Feature record: CXX_FEATURE:0cxx_range_for
    Feature record: CXX_FEATURE:0cxx_raw_string_literals
    Feature record: CXX_FEATURE:0cxx_reference_qualified_functions
    Feature record: CXX_FEATURE:0cxx_relaxed_constexpr
    Feature record: CXX_FEATURE:0cxx_return_type_deduction
    Feature record: CXX_FEATURE:0cxx_right_angle_brackets
    Feature record: CXX_FEATURE:0cxx_rvalue_references
    Feature record: CXX_FEATURE:0cxx_sizeof_member
    Feature record: CXX_FEATURE:0cxx_static_assert
    Feature record: CXX_FEATURE:0cxx_strong_enums
    Feature record: CXX_FEATURE:1cxx_template_template_parameters
    Feature record: CXX_FEATURE:0cxx_thread_local
    Feature record: CXX_FEATURE:0cxx_trailing_return_types
    Feature record: CXX_FEATURE:0cxx_unicode_literals
    Feature record: CXX_FEATURE:0cxx_uniform_initialization
    Feature record: CXX_FEATURE:0cxx_unrestricted_unions
    Feature record: CXX_FEATURE:0cxx_user_literals
    Feature record: CXX_FEATURE:0cxx_variable_templates
    Feature record: CXX_FEATURE:0cxx_variadic_macros
    Feature record: CXX_FEATURE:0cxx_variadic_templates
Determining if the include file pthread.h exists passed with the following output:
Change Dir: /Users/jeremy/Documents/Louvain/Q4/Elements finis/Devoirs/Devoir5/myFem-BandSolver/build/CMakeFiles/CMakeTmp

Run Build Command:"/usr/bin/make" "cmTC_e4c2d/fast"
/Library/Developer/CommandLineTools/usr/bin/make -f CMakeFiles/cmTC_e4c2d.dir/build.make CMakeFiles/cmTC_e4c2d.dir/build
Building C object CMakeFiles/cmTC_e4c2d.dir/CheckIncludeFile.c.o
/Library/Developer/CommandLineTools/usr/bin/cc    -o CMakeFiles/cmTC_e4c2d.dir/CheckIncludeFile.c.o   -c "/Users/jeremy/Documents/Louvain/Q4/Elements finis/Devoirs/Devoir5/myFem-BandSolver/build/CMakeFiles/CMakeTmp/CheckIncludeFile.c"
Linking C executable cmTC_e4c2d
/usr/local/Cellar/cmake/3.9.2/bin/cmake -E cmake_link_script CMakeFiles/cmTC_e4c2d.dir/link.txt --verbose=1
/Library/Developer/CommandLineTools/usr/bin/cc   -Wl,-search_paths_first -Wl,-headerpad_max_install_names   CMakeFiles/cmTC_e4c2d.dir/CheckIncludeFile.c.o  -o cmTC_e4c2d 


Determining if the pthread_create exist passed with the following output:
Change Dir: /Users/jeremy/Documents/Louvain/Q4/Elements finis/Devoirs/Devoir5/myFem-BandSolver/build/CMakeFiles/CMakeTmp

Run Build Command:"/usr/bin/make" "cmTC_736a4/fast"
/Library/Developer/CommandLineTools/usr/bin/make -f CMakeFiles/cmTC_736a4.dir/build.make CMakeFiles/cmTC_736a4.dir/build
Building C object CMakeFiles/cmTC_736a4.dir/CheckSymbolExists.c.o
/Library/Developer/CommandLineTools/usr/bin/cc    -o CMakeFiles/cmTC_736a4.dir/CheckSymbolExists.c.o   -c "/Users/jeremy/Documents/Louvain/Q4/Elements finis/Devoirs/Devoir5/myFem-BandSolver/build/CMakeFiles/CMakeTmp/CheckSymbolExists.c"
Linking C executable cmTC_736a4
/usr/local/Cellar/cmake/3.9.2/bin/cmake -E cmake_link_script CMakeFiles/cmTC_736a4.dir/link.txt --verbose=1
/Library/Developer/CommandLineTools/usr/bin/cc   -Wl,-search_paths_first -Wl,-headerpad_max_install_names   CMakeFiles/cmTC_736a4.dir/CheckSymbolExists.c.o  -o cmTC_736a4 

File /Users/jeremy/Documents/Louvain/Q4/Elements finis/Devoirs/Devoir5/myFem-BandSolver/build/CMakeFiles/CMakeTmp/CheckSymbolExists.c:
/* */
#include <pthread.h>

int main(int argc, char** argv)
{
  (void)argv;
#ifndef pthread_create
  return ((int*)(&pthread_create))[argc];
#else
  (void)argc;
  return 0;
#endif
}

The system is: Darwin - 17.5.0 - x86_64
Compiling the C compiler identification source file "CMakeCCompilerId.c" succeeded.
Compiler: /Library/Developer/CommandLineTools/usr/bin/cc 
Build flags: 
Id flags:  

The output was:
0


Compilation of the C compiler identification source "CMakeCCompilerId.c" produced "a.out"

The C compiler identification is AppleClang, found in "/Users/jeremy/Documents/Louvain/Q4/Elements finis/ProjetMEF/PROJET/build/CMakeFiles/3.9.2/CompilerIdC/a.out"

Compiling the CXX compiler identification source file "CMakeCXXCompilerId.cpp" succeeded.
Compiler: /Library/Developer/CommandLineTools/usr/bin/c++ 
Build flags: 
Id flags:  

The output was:
0


Compilation of the CXX compiler identification source "CMakeCXXCompilerId.cpp" produced "a.out"

The CXX compiler identification is AppleClang, found in "/Users/jeremy/Documents/Louvain/Q4/Elements finis/ProjetMEF/PROJET/build/CMakeFiles/3.9.2/CompilerIdCXX/a.out"

Determining if the C compiler works passed with the following output:
Change Dir: /Users/jeremy/Documents/Louvain/Q4/Elements finis/ProjetMEF/PROJET/build/CMakeFiles/CMakeTmp

Run Build Command:"/usr/bin/make" "cmTC_7337e/fast"
/Library/Developer/CommandLineTools/usr/bin/make -f CMakeFiles/cmTC_7337e.dir/build.make CMakeFiles/cmTC_7337e.dir/build
Building C object CMakeFiles/cmTC_7337e.dir/testCCompiler.c.o
/Library/Developer/CommandLineTools/usr/bin/cc    -o CMakeFiles/cmTC_7337e.dir/testCCompiler.c.o   -c "/Users/jeremy/Documents/Louvain/Q4/Elements finis/ProjetMEF/PROJET/build/CMakeFiles/CMakeTmp/testCCompiler.c"
Linking C executable cmTC_7337e
/usr/local/Cellar/cmake/3.9.2/bin/cmake -E cmake_link_script CMakeFiles/cmTC_7337e.dir/link.txt --verbose=1
/Library/Developer/CommandLineTools/usr/bin/cc   -Wl,-search_paths_first -Wl,-headerpad_max_install_names   CMakeFiles/cmTC_7337e.dir/testCCompiler.c.o  -o cmTC_7337e 


Detecting C compiler ABI info compiled with the following output:
Change Dir: /Users/jeremy/Documents/Louvain/Q4/Elements finis/ProjetMEF/PROJET/build/CMakeFiles/CMakeTmp

Run Build Command:"/usr/bin/make" "cmTC_1405d/fast"
/Library/Developer/CommandLineTools/usr/bin/make -f CMakeFiles/cmTC_1405d.dir/build.make CMakeFiles/cmTC_1405d.dir/build
Building C object CMakeFiles/cmTC_1405d.dir/CMakeCCompilerABI.c.o
/Library/Developer/CommandLineTools/usr/bin/cc    -o CMakeFiles/cmTC_1405d.dir/CMakeCCompilerABI.c.o   -c /usr/local/Cellar/cmake/3.9.2/share/cmake/Modules/CMakeCCompilerABI.c
Linking C executable cmTC_1405d
/usr/local/Cellar/cmake/3.9.2/bin/cmake -E cmake_link_script CMakeFiles/cmTC_1405d.dir/link.txt --verbose=1
/Library/Developer/CommandLineTools/usr/bin/cc   -Wl,-search_paths_first -Wl,-headerpad_max_install_names  -v -Wl,-v CMakeFiles/cmTC_1405d.dir/CMakeCCompilerABI.c.o  -o cmTC_1405d 
Apple LLVM version 9.1.0 (clang-902.0.39.1)
Target: x86_64-apple-darwin17.5.0
Thread model: posix
InstalledDir: /Library/Developer/CommandLineTools/usr/bin
 "/Library/Developer/CommandLineTools/usr/bin/ld" -demangle -lto_library /Library/Developer/CommandLineTools/usr/lib/libLTO.dylib -dynamic -arch x86_64 -macosx_version_min 10.13.0 -o cmTC_1405d -search_paths_first -headerpad_max_install_names -v CMakeFiles/cmTC_1405d.dir/CMakeCCompilerABI.c.o -lSystem /Library/Developer/CommandLineTools/usr/lib/clang/9.1.0/lib/darwin/libclang_rt.osx.a
@(#)PROGRAM:ld  PROJECT:ld64-351.8
configured to support archs: armv6 armv7 armv7s arm64 i386 x86_64 x86_64h armv6m armv7k armv7m armv7em (tvOS)
Library search paths:
	/usr/lib
	/usr/local/lib
Framework search paths:
	/Library/Frameworks/
	/System/Library/Frameworks/


Parsed C implicit link information from above output:
  link line regex: [^( *|.*[/\])(ld|CMAKE_LINK_STARTFILE-NOTFOUND|([^/\]+-)?ld|collect2)[^/\]*( |$)]
  ignore line: [Change Dir: /Users/jeremy/Documents/Louvain/Q4/Elements finis/ProjetMEF/PROJET/build/CMakeFiles/CMakeTmp]
  ignore line: []
  ignore line: [Run Build Command:"/usr/bin/make" "cmTC_1405d/fast"]
  ignore line: [/Library/Developer/CommandLineTools/usr/bin/make -f CMakeFiles/cmTC_1405d.dir/build.make CMakeFiles/cmTC_1405d.dir/build]
  ignore line: [Building C object CMakeFiles/cmTC_1405d.dir/CMakeCCompilerABI.c.o]
  ignore line: [/Library/Developer/CommandLineTools/usr/bin/cc    -o CMakeFiles/cmTC_1405d.dir/CMakeCCompilerABI.c.o   -c /usr/local/Cellar/cmake/3.9.2/share/cmake/Modules/CMakeCCompilerABI.c]
  ignore line: [Linking C executable cmTC_1405d]
  ignore line: [/usr/local/Cellar/cmake/3.9.2/bin/cmake -E cmake_link_script CMakeFiles/cmTC_1405d.dir/link.txt --verbose=1]
  ignore line: [/Library/Developer/CommandLineTools/usr/bin/cc   -Wl,-search_paths_first -Wl,-headerpad_max_install_names  -v -Wl,-v CMakeFiles/cmTC_1405d.dir/CMakeCCompilerABI.c.o  -o cmTC_1405d ]
  ignore line: [Apple LLVM version 9.1.0 (clang-902.0.39.1)]
  ignore line: [Target: x86_64-apple-darwin17.5.0]
  ignore line: [Thread model: posix]
  ignore line: [InstalledDir: /Library/Developer/CommandLineTools/usr/bin]
  link line: [ "/Library/Developer/CommandLineTools/usr/bin/ld" -demangle -lto_library /Library/Developer/CommandLineTools/usr/lib/libLTO.dylib -dynamic -arch x86_64 -macosx_version_min 10.13.0 -o cmTC_1405d -search_paths_first -headerpad_max_install_names -v CMakeFiles/cmTC_1405d.dir/CMakeCCompilerABI.c.o -lSystem /Library/Developer/CommandLineTools/usr/lib/clang/9.1.0/lib/darwin/libclang_rt.osx.a]
    arg [/Library/Developer/CommandLineTools/usr/bin/ld] ==> ignore
    arg [-demangle] ==> ignore
    arg [-lto_library] ==> ignore, skip following value
    arg [/Library/Developer/CommandLineTools/usr/lib/libLTO.dylib] ==> skip value of -lto_library
    arg [-dynamic] ==> ignore
    arg [-arch] ==> ignore
    arg [x86_64] ==> ignore
    arg [-macosx_version_min] ==> ignore
    arg [10.13.0] ==> ignore
    arg [-o] ==> ignore
    arg [cmTC_1405d] ==> ignore
    arg [-search_paths_first] ==> ignore
    arg [-headerpad_max_install_names] ==> ignore
    arg [-v] ==> ignore
    arg [CMakeFiles/cmTC_1405d.dir/CMakeCCompilerABI.c.o] ==> ignore
    arg [-lSystem] ==> lib [System]
    arg [/Library/Developer/CommandLineTools/usr/lib/clang/9.1.0/lib/darwin/libclang_rt.osx.a] ==> lib [/Library/Developer/CommandLineTools/usr/lib/clang/9.1.0/lib/darwin/libclang_rt.osx.a]
  Library search paths: [;/usr/lib;/usr/local/lib]
  Framework search paths: [;/Library/Frameworks/;/System/Library/Frameworks/]
  remove lib [System]
  remove lib [/Library/Developer/CommandLineTools/usr/lib/clang/9.1.0/lib/darwin/libclang_rt.osx.a]
  collapse library dir [/usr/lib] ==> [/usr/lib]
  collapse library dir [/usr/local/lib] ==> [/usr/local/lib]
  collapse framework dir [/Library/Frameworks/] ==> [/Library/Frameworks]
  collapse framework dir [/System/Library/Frameworks/] ==> [/System/Library/Frameworks]
  implicit libs: []
  implicit dirs: [/usr/lib;/usr/local/lib]
  implicit fwks: [/Library/Frameworks;/System/Library/Frameworks]




Detecting C [-std=c11] compiler features compiled with the following output:
Change Dir: /Users/jeremy/Documents/Louvain/Q4/Elements finis/ProjetMEF/PROJET/build/CMakeFiles/CMakeTmp

Run Build Command:"/usr/bin/make" "cmTC_e51f7/fast"
/Library/Developer/CommandLineTools/usr/bin/make -f CMakeFiles/cmTC_e51f7.dir/build.make CMakeFiles/cmTC_e51f7.dir/build
Building C object CMakeFiles/cmTC_e51f7.dir/feature_tests.c.o
/Library/Developer/CommandLineTools/usr/bin/cc   -std=c11 -o CMakeFiles/cmTC_e51f7.dir/feature_tests.c.o   -c "/Users/jeremy/Documents/Louvain/Q4/Elements finis/ProjetMEF/PROJET/build/CMakeFiles/feature_tests.c"
Linking C executable cmTC_e51f7
/usr/local/Cellar/cmake/3.9.2/bin/cmake -E cmake_link_script CMakeFiles/cmTC_e51f7.dir/link.txt --verbose=1
/Library/Developer/CommandLineTools/usr/bin/cc   -Wl,-search_paths_first -Wl,-headerpad_max_install_names   CMakeFiles/cmTC_e51f7.dir/feature_tests.c.o  -o cmTC_e51f7 


    Feature record: C_FEATURE:1c_function_prototypes
    Feature record: C_FEATURE:1c_restrict
    Feature record: C_FEATURE:1c_static_assert
    Feature record: C_FEATURE:1c_variadic_macros


Detecting C [-std=c99] compiler features compiled with the following output:
Change Dir: /Users/jeremy/Documents/Louvain/Q4/Elements finis/ProjetMEF/PROJET/build/CMakeFiles/CMakeTmp

Run Build Command:"/usr/bin/make" "cmTC_562f9/fast"
/Library/Developer/CommandLineTools/usr/bin/make -f CMakeFiles/cmTC_562f9.dir/build.make CMakeFiles/cmTC_562f9.dir/build
Building C object CMakeFiles/cmTC_562f9.dir/feature_tests.c.o
/Library/Developer/CommandLineTools/usr/bin/cc   -std=c99 -o CMakeFiles/cmTC_562f9.dir/feature_tests.c.o   -c "/Users/jeremy/Documents/Louvain/Q4/Elements finis/ProjetMEF/PROJET/build/CMakeFiles/feature_tests.c"
Linking C executable cmTC_562f9
/usr/local/Cellar/cmake/3.9.2/bin/cmake -E cmake_link_script CMakeFiles/cmTC_562f9.dir/link.txt --verbose=1
/Library/Developer/CommandLineTools/usr/bin/cc   -Wl,-search_paths_first -Wl,-headerpad_max_install_names   CMakeFiles/cmTC_562f9.dir/feature_tests.c.o  -o cmTC_562f9 


    Feature record: C_FEATURE:1c_function_prototypes
    Feature record: C_FEATURE:1c_restrict
    Feature record: C_FEATURE:0c_static_assert
    Feature record: C_FEATURE:1c_variadic_macros


Detecting C [-std=c90] compiler features compiled with the following output:
Change Dir: /Users/jeremy/Documents/Louvain/Q4/Elements finis/ProjetMEF/PROJET/build/CMakeFiles/CMakeTmp

Run Build Command:"/usr/bin/make" "cmTC_5b85d/fast"
/Library/Developer/CommandLineTools/usr/bin/make -f CMakeFiles/cmTC_5b85d.dir/build.make CMakeFiles/cmTC_5b85d.dir/build
Building C object CMakeFiles/cmTC_5b85d.dir/feature_tests.c.o
/Library/Developer/CommandLineTools/usr/bin/cc   -std=c90 -o CMakeFiles/cmTC_5b85d.dir/feature_tests.c.o   -c "/Users/jeremy/Documents/Louvain/Q4/Elements finis/ProjetMEF/PROJET/build/CMakeFiles/feature_tests.c"
Linking C executable cmTC_5b85d
/usr/local/Cellar/cmake/3.9.2/bin/cmake -E cmake_link_script CMakeFiles/cmTC_5b85d.dir/link.txt --verbose=1
/Library/Developer/CommandLineTools/usr/bin/cc   -Wl,-search_paths_first -Wl,-headerpad_max_install_names   CMakeFiles/cmTC_5b85d.dir/feature_tests.c.o  -o cmTC_5b85d 


    Feature record: C_FEATURE:1c_function_prototypes
    Feature record: C_FEATURE:0c_restrict
    Feature record: C_FEATURE:0c_static_assert
    Feature record: C_FEATURE:0c_variadic_macros
Determining if the CXX compiler works passed with the following output:
Change Dir: /Users/jeremy/Documents/Louvain/Q4/Elements finis/ProjetMEF/PROJET/build/CMakeFiles/CMakeTmp

Run Build Command:"/usr/bin/make" "cmTC_befd5/fast"
/Library/Developer/CommandLineTools/usr/bin/make -f CMakeFiles/cmTC_befd5.dir/build.make CMakeFiles/cmTC_befd5.dir/build
Building CXX object CMakeFiles/cmTC_befd5.dir/testCXXCompiler.cxx.o
/Library/Developer/CommandLineTools/usr/bin/c++     -o CMakeFiles/cmTC_befd5.dir/testCXXCompiler.cxx.o -c "/Users/jeremy/Documents/Louvain/Q4/Elements finis/ProjetMEF/PROJET/build/CMakeFiles/CMakeTmp/testCXXCompiler.cxx"
Linking CXX executable cmTC_befd5
/usr/local/Cellar/cmake/3.9.2/bin/cmake -E cmake_link_script CMakeFiles/cmTC_befd5.dir/link.txt --verbose=1
/Library/Developer/CommandLineTools/usr/bin/c++    -Wl,-search_paths_first -Wl,-headerpad_max_install_names   CMakeFiles/cmTC_befd5.dir/testCXXCompiler.cxx.o  -o cmTC_befd5 


Detecting CXX compiler ABI info compiled with the following output:
Change Dir: /Users/jeremy/Documents/Louvain/Q4/Elements finis/ProjetMEF/PROJET/build/CMakeFiles/CMakeTmp

Run Build Command:"/usr/bin/make" "cmTC_ee0a7/fast"
/Library/Developer/CommandLineTools/usr/bin/make -f CMakeFiles/cmTC_ee0a7.dir/build.make CMakeFiles/cmTC_ee0a7.dir/build
Building CXX object CMakeFiles/cmTC_ee0a7.dir/CMakeCXXCompilerABI.cpp.o
/Library/Developer/CommandLineTools/usr/bin/c++     -o CMakeFiles/cmTC_ee0a7.dir/CMakeCXXCompilerABI.cpp.o -c /usr/local/Cellar/cmake/3.9.2/share/cmake/Modules/CMakeCXXCompilerABI.cpp
Linking CXX executable cmTC_ee0a7
/usr/local/Cellar/cmake/3.9.2/bin/cmake -E cmake_link_script CMakeFiles/cmTC_ee0a7.dir/link.txt --verbose=1
/Library/Developer/CommandLineTools/usr/bin/c++    -Wl,-search_paths_first -Wl,-headerpad_max_install_names  -v -Wl,-v CMakeFiles/cmTC_ee0a7.dir/CMakeCXXCompilerABI.cpp.o  -o cmTC_ee0a7 
Apple LLVM version 9.1.0 (clang-902.0.39.1)
Target: x86_64-apple-darwin17.5.0
Thread model: posix
InstalledDir: /Library/Developer/CommandLineTools/usr/bin
 "/Library/Developer/CommandLineTools/usr/bin/ld" -demangle -lto_library /Library/Developer/CommandLineTools/usr/lib/libLTO.dylib -dynamic -arch x86_64 -macosx_version_min 10.13.0 -o cmTC_ee0a7 -search_paths_first -headerpad_max_install_names -v CMakeFiles/cmTC_ee0a7.dir/CMakeCXXCompilerABI.cpp.o -lc++ -lSystem /Library/Developer/CommandLineTools/usr/lib/clang/9.1.0/lib/darwin/libclang_rt.osx.a
@(#)PROGRAM:ld  PROJECT:ld64-351.8
configured to support archs: armv6 armv7 armv7s arm64 i386 x86_64 x86_64h armv6m armv7k armv7m armv7em (tvOS)
Library search paths:
	/usr/lib
	/usr/local/lib
Framework search paths:
	/Library/Frameworks/
	/System/Library/Frameworks/


Parsed CXX implicit link information from above output:
  link line regex: [^( *|.*[/\])(ld|CMAKE_LINK_STARTFILE-NOTFOUND|([^/\]+-)?ld|collect2)[^/\]*( |$)]
  ignore line: [Change Dir: /Users/jeremy/Documents/Louvain/Q4/Elements finis/ProjetMEF/PROJET/build/CMakeFiles/CMakeTmp]
  ignore line: []
  ignore line: [Run Build Command:"/usr/bin/make" "cmTC_ee0a7/fast"]
  ignore line: [/Library/Developer/CommandLineTools/usr/bin/make -f CMakeFiles/cmTC_ee0a7.dir/build.make CMakeFiles/cmTC_ee0a7.dir/build]
  ignore line: [Building CXX object CMakeFiles/cmTC_ee0a7.dir/CMakeCXXCompilerABI.cpp.o]
  ignore line: [/Library/Developer/CommandLineTools/usr/bin/c++     -o CMakeFiles/cmTC_ee0a7.dir/CMakeCXXCompilerABI.cpp.o -c /usr/local/Cellar/cmake/3.9.2/share/cmake/Modules/CMakeCXXCompilerABI.cpp]
  ignore line: [Linking CXX executable cmTC_ee0a7]
  ignore line: [/usr/local/Cellar/cmake/3.9.2/bin/cmake -E cmake_link_script CMakeFiles/cmTC_ee0a7.dir/link.txt --verbose=1]
  ignore line: [/Library/Developer/CommandLineTools/usr/bin/c++    -Wl,-search_paths_first -Wl,-headerpad_max_install_names  -v -Wl,-v CMakeFiles/cmTC_ee0a7.dir/CMakeCXXCompilerABI.cpp.o  -o cmTC_ee0a7 ]
  ignore line: [Apple LLVM version 9.1.0 (clang-902.0.39.1)]
  ignore line: [Target: x86_64-apple-darwin17.5.0]
  ignore line: [Thread model: posix]
  ignore line: [InstalledDir: /Library/Developer/CommandLineTools/usr/bin]
  link line: [ "/Library/Developer/CommandLineTools/usr/bin/ld" -demangle -lto_library /Library/Developer/CommandLineTools/usr/lib/libLTO.dylib -dynamic -arch x86_64 -macosx_version_min 10.13.0 -o cmTC_ee0a7 -search_paths_first -headerpad_max_install_names -v CMakeFiles/cmTC_ee0a7.dir/CMakeCXXCompilerABI.cpp.o -lc++ -lSystem /Library/Developer/CommandLineTools/usr/lib/clang/9.1.0/lib/darwin/libclang_rt.osx.a]
    arg [/Library/Developer/CommandLineTools/usr/bin/ld] ==> ignore
    arg [-demangle] ==> ignore
    arg [-lto_library] ==> ignore, skip following value
    arg [/Library/Developer/CommandLineTools/usr/lib/libLTO.dylib] ==> skip value of -lto_library
    arg [-dynamic] ==> ignore
    arg [-arch] ==> ignore
    arg [x86_64] ==> ignore
    arg [-macosx_version_min] ==> ignore
    arg [10.13.0] ==> ignore
    arg [-o] ==> ignore
    arg [cmTC_ee0a7] ==> ignore
    arg [-search_paths_first] ==> ignore
    arg [-headerpad_max_install_names] ==> ignore
    arg [-v] ==> ignore
    arg [CMakeFiles/cmTC_ee0a7.dir/CMakeCXXCompilerABI.cpp.o] ==> ignore
    arg [-lc++] ==> lib [c++]
    arg [-lSystem] ==> lib [System]
    arg [/Library/Developer/CommandLineTools/usr/lib/clang/9.1.0/lib/darwin/libclang_rt.osx.a] ==> lib [/Library/Developer/CommandLineTools/usr/lib/clang/9.1.0/lib/darwin/libclang_rt.osx.a]
  Library search paths: [;/usr/lib;/usr/local/lib]
  Framework search paths: [;/Library/Frameworks/;/System/Library/Frameworks/]
  remove lib [System]
  remove lib [/Library/Developer/CommandLineTools/usr/lib/clang/9.1.0/lib/darwin/libclang_rt.osx.a]
  collapse library dir [/usr/lib] ==> [/usr/lib]
  collapse library dir [/usr/local/lib] ==> [/usr/local/lib]
  collapse framework dir [/Library/Frameworks/] ==> [/Library/Frameworks]
  collapse framework dir [/System/Library/Frameworks/] ==> [/System/Library/Frameworks]
  implicit libs: [c++]
  implicit dirs: [/usr/lib;/usr/local/lib]
  implicit fwks: [/Library/Frameworks;/System/Library/Frameworks]




Detecting CXX [-std=c++1z] compiler features compiled with the following output:
Change Dir: /Users/jeremy/Documents/Louvain/Q4/Elements finis/ProjetMEF/PROJET/build/CMakeFiles/CMakeTmp

Run Build Command:"/usr/bin/make" "cmTC_5d1f5/fast"
/Library/Developer/CommandLineTools/usr/bin/make -f CMakeFiles/cmTC_5d1f5.dir/build.make CMakeFiles/cmTC_5d1f5.dir/build
Building CXX object CMakeFiles/cmTC_5d1f5.dir/feature_tests.cxx.o
/Library/Developer/CommandLineTools/usr/bin/c++    -std=c++1z -o CMakeFiles/cmTC_5d1f5.dir/feature_tests.cxx.o -c "/Users/jeremy/Documents/Louvain/Q4/Elements finis/ProjetMEF/PROJET/build/CMakeFiles/feature_tests.cxx"
Linking CXX executable cmTC_5d1f5
/usr/local/Cellar/cmake/3.9.2/bin/cmake -E cmake_link_script CMakeFiles/cmTC_5d1f5.dir/link.txt --verbose=1
/Library/Developer/CommandLineTools/usr/bin/c++    -Wl,-search_paths_first -Wl,-headerpad_max_install_names   CMakeFiles/cmTC_5d1f5.dir/feature_tests.cxx.o  -o cmTC_5d1f5 


    Feature record: CXX_FEATURE:1cxx_aggregate_default_initializers
    Feature record: CXX_FEATURE:1cxx_alias_templates
    Feature record: CXX_FEATURE:1cxx_alignas
    Feature record: CXX_FEATURE:1cxx_alignof
    Feature record: CXX_FEATURE:1cxx_attributes
    Feature record: CXX_FEATURE:1cxx_attribute_deprecated
    Feature record: CXX_FEATURE:1cxx_auto_type
    Feature record: CXX_FEATURE:1cxx_binary_literals
    Feature record: CXX_FEATURE:1cxx_constexpr
    Feature record: CXX_FEATURE:1cxx_contextual_conversions
    Feature record: CXX_FEATURE:1cxx_decltype
    Feature record: CXX_FEATURE:1cxx_decltype_auto
    Feature record: CXX_FEATURE:1cxx_decltype_incomplete_return_types
    Feature record: CXX_FEATURE:1cxx_default_function_template_args
    Feature record: CXX_FEATURE:1cxx_defaulted_functions
    Feature record: CXX_FEATURE:1cxx_defaulted_move_initializers
    Feature record: CXX_FEATURE:1cxx_delegating_constructors
    Feature record: CXX_FEATURE:1cxx_deleted_functions
    Feature record: CXX_FEATURE:1cxx_digit_separators
    Feature record: CXX_FEATURE:1cxx_enum_forward_declarations
    Feature record: CXX_FEATURE:1cxx_explicit_conversions
    Feature record: CXX_FEATURE:1cxx_extended_friend_declarations
    Feature record: CXX_FEATURE:1cxx_extern_templates
    Feature record: CXX_FEATURE:1cxx_final
    Feature record: CXX_FEATURE:1cxx_func_identifier
    Feature record: CXX_FEATURE:1cxx_generalized_initializers
    Feature record: CXX_FEATURE:1cxx_generic_lambdas
    Feature record: CXX_FEATURE:1cxx_inheriting_constructors
    Feature record: CXX_FEATURE:1cxx_inline_namespaces
    Feature record: CXX_FEATURE:1cxx_lambdas
    Feature record: CXX_FEATURE:1cxx_lambda_init_captures
    Feature record: CXX_FEATURE:1cxx_local_type_template_args
    Feature record: CXX_FEATURE:1cxx_long_long_type
    Feature record: CXX_FEATURE:1cxx_noexcept
    Feature record: CXX_FEATURE:1cxx_nonstatic_member_init
    Feature record: CXX_FEATURE:1cxx_nullptr
    Feature record: CXX_FEATURE:1cxx_override
    Feature record: CXX_FEATURE:1cxx_range_for
    Feature record: CXX_FEATURE:1cxx_raw_string_literals
    Feature record: CXX_FEATURE:1cxx_reference_qualified_functions
    Feature record: CXX_FEATURE:1cxx_relaxed_constexpr
    Feature record: CXX_FEATURE:1cxx_return_type_deduction
    Feature record: CXX_FEATURE:1cxx_right_angle_brackets
    Feature record: CXX_FEATURE:1cxx_rvalue_references
    Feature record: CXX_FEATURE:1cxx_sizeof_member
    Feature record: CXX_FEATURE:1cxx_static_assert
    Feature record: CXX_FEATURE:1cxx_strong_enums
    Feature record: CXX_FEATURE:1cxx_template_template_parameters
    Feature record: CXX_FEATURE:1cxx_thread_local
    Feature record: CXX_FEATURE:1cxx_trailing_return_types
    Feature record: CXX_FEATURE:1cxx_unicode_literals
    Feature record: CXX_FEATURE:1cxx_uniform_initialization
    Feature record: CXX_FEATURE:1cxx_unrestricted_unions
    Feature record: CXX_FEATURE:1cxx_user_literals
    Feature record: CXX_FEATURE:1cxx_variable_templates
    Feature record: CXX_FEATURE:1cxx_variadic_macros
    Feature record: CXX_FEATURE:1cxx_variadic_templates


Detecting CXX [-std=c++14] compiler features compiled with the following output:
Change Dir: /Users/jeremy/Documents/Louvain/Q4/Elements finis/ProjetMEF/PROJET/build/CMakeFiles/CMakeTmp

Run Build Command:"/usr/bin/make" "cmTC_208d7/fast"
/Library/Developer/CommandLineTools/usr/bin/make -f CMakeFiles/cmTC_208d7.dir/build.make CMakeFiles/cmTC_208d7.dir/build
Building CXX object CMakeFiles/cmTC_208d7.dir/feature_tests.cxx.o
/Library/Developer/CommandLineTools/usr/bin/c++    -std=c++14 -o CMakeFiles/cmTC_208d7.dir/feature_tests.cxx.o -c "/Users/jeremy/Documents/Louvain/Q4/Elements finis/ProjetMEF/PROJET/build/CMakeFiles/feature_tests.cxx"
Linking CXX executable cmTC_208d7
/usr/local/Cellar/cmake/3.9.2/bin/cmake -E cmake_link_script CMakeFiles/cmTC_208d7.dir/link.txt --verbose=1
/Library/Developer/CommandLineTools/usr/bin/c++    -Wl,-search_paths_first -Wl,-headerpad_max_install_names   CMakeFiles/cmTC_208d7.dir/feature_tests.cxx.o  -o cmTC_208d7 


    Feature record: CXX_FEATURE:1cxx_aggregate_default_initializers
    Feature record: CXX_FEATURE:1cxx_alias_templates
    Feature record: CXX_FEATURE:1cxx_alignas
    Feature record: CXX_FEATURE:1cxx_alignof
    Feature record: CXX_FEATURE:1cxx_attributes
    Feature record: CXX_FEATURE:1cxx_attribute_deprecated
    Feature record: CXX_FEATURE:1cxx_auto_type
    Feature record: CXX_FEATURE:1cxx_binary_literals
    Feature record: CXX_FEATURE:1cxx_constexpr
    Feature record: CXX_FEATURE:1cxx_contextual_conversions
    Feature record: CXX_FEATURE:1cxx_decltype
    Feature record: CXX_FEATURE:1cxx_decltype_auto
    Feature record: CXX_FEATURE:1cxx_decltype_incomplete_return_types
    Feature record: CXX_FEATURE:1cxx_default_function_template_args
    Feature record: CXX_FEATURE:1cxx_defaulted_functions
    Feature record: CXX_FEATURE:1cxx_defaulted_move_initializers
    Feature record: CXX_FEATURE:1cxx_delegating_constructors
    Feature record: CXX_FEATURE:1cxx_deleted_functions
    Feature record: CXX_FEATURE:1cxx_digit_separators
    Feature record: CXX_FEATURE:1cxx_enum_forward_declarations
    Feature record: CXX_FEATURE:1cxx_explicit_conversions
    Feature record: CXX_FEATURE:1cxx_extended_friend_declarations
    Feature record: CXX_FEATURE:1cxx_extern_templates
    Feature record: CXX_FEATURE:1cxx_final
    Feature record: CXX_FEATURE:1cxx_func_identifier
    Feature record: CXX_FEATURE:1cxx_generalized_initializers
    Feature record: CXX_FEATURE:1cxx_generic_lambdas
    Feature record: CXX_FEATURE:1cxx_inheriting_constructors
    Feature record: CXX_FEATURE:1cxx_inline_namespaces
    Feature record: CXX_FEATURE:1cxx_lambdas
    Feature record: CXX_FEATURE:1cxx_lambda_init_captures
    Feature record: CXX_FEATURE:1cxx_local_type_template_args
    Feature record: CXX_FEATURE:1cxx_long_long_type
    Feature record: CXX_FEATURE:1cxx_noexcept
    Feature record: CXX_FEATURE:1cxx_nonstatic_member_init
    Feature record: CXX_FEATURE:1cxx_nullptr
    Feature record: CXX_FEATURE:1cxx_override
    Feature record: CXX_FEATURE:1cxx_range_for
    Feature record: CXX_FEATURE:1cxx_raw_string_literals
    Feature record: CXX_FEATURE:1cxx_reference_qualified_functions
    Feature record: CXX_FEATURE:1cxx_relaxed_constexpr
    Feature record: CXX_FEATURE:1cxx_return_type_deduction
    Feature record: CXX_FEATURE:1cxx_right_angle_brackets
    Feature record: CXX_FEATURE:1cxx_rvalue_references
    Feature record: CXX_FEATURE:1cxx_sizeof_member
    Feature record: CXX_FEATURE:1cxx_static_assert
    Feature record: CXX_FEATURE:1cxx_strong_enums
    Feature record: CXX_FEATURE:1cxx_template_template_parameters
    Feature record: CXX_FEATURE:1cxx_thread_local
    Feature record: CXX_FEATURE:1cxx_trailing_return_types
    Feature record: CXX_FEATURE:1cxx_unicode_literals
    Feature record: CXX_FEATURE:1cxx_uniform_initialization
    Feature record: CXX_FEATURE:1cxx_unrestricted_unions
    Feature record: CXX_FEATURE:1cxx_user_literals
    Feature record: CXX_FEATURE:1cxx_variable_templates
    Feature record: CXX_FEATURE:1cxx_variadic_macros
    Feature record: CXX_FEATURE:1cxx_variadic_templates


Detecting CXX [-std=c++11] compiler features compiled with the following output:
Change Dir: /Users/jeremy/Documents/Louvain/Q4/Elements finis/ProjetMEF/PROJET/build/CMakeFiles/CMakeTmp

Run Build Command:"/usr/bin/make" "cmTC_4229d/fast"
/Library/Developer/CommandLineTools/usr/bin/make -f CMakeFiles/cmTC_4229d.dir/build.make CMakeFiles/cmTC_4229d.dir/build
Building CXX object CMakeFiles/cmTC_4229d.dir/feature_tests.cxx.o
/Library/Developer/CommandLineTools/usr/bin/c++    -std=c++11 -o CMakeFiles/cmTC_4229d.dir/feature_tests.cxx.o -c "/Users/jeremy/Documents/Louvain/Q4/Elements finis/ProjetMEF/PROJET/build/CMakeFiles/feature_tests.cxx"
Linking CXX executable cmTC_4229d
/usr/local/Cellar/cmake/3.9.2/bin/cmake -E cmake_link_script CMakeFiles/cmTC_4229d.dir/link.txt --verbose=1
/Library/Developer/CommandLineTools/usr/bin/c++    -Wl,-search_paths_first -Wl,-headerpad_max_install_names   CMakeFiles/cmTC_4229d.dir/feature_tests.cxx.o  -o cmTC_4229d 


    Feature record: CXX_FEATURE:0cxx_aggregate_default_initializers
    Feature record: CXX_FEATURE:1cxx_alias_templates
    Feature record: CXX_FEATURE:1cxx_alignas
    Feature record: CXX_FEATURE:1cxx_alignof
    Feature record: CXX_FEATURE:1cxx_attributes
    Feature record: CXX_FEATURE:0cxx_attribute_deprecated
    Feature record: CXX_FEATURE:1cxx_auto_type
    Feature record: CXX_FEATURE:0cxx_binary_literals
    Feature record: CXX_FEATURE:1cxx_constexpr
    Feature record: CXX_FEATURE:0cxx_contextual_conversions
    Feature record: CXX_FEATURE:1cxx_decltype
    Feature record: CXX_FEATURE:0cxx_decltype_auto
    Feature record: CXX_FEATURE:1cxx_decltype_incomplete_return_types
    Feature record: CXX_FEATURE:1cxx_default_function_template_args
    Feature record: CXX_FEATURE:1cxx_defaulted_functions
    Feature record: CXX_FEATURE:1cxx_defaulted_move_initializers
    Feature record: CXX_FEATURE:1cxx_delegating_constructors
    Feature record: CXX_FEATURE:1cxx_deleted_functions
    Feature record: CXX_FEATURE:0cxx_digit_separators
    Feature record: CXX_FEATURE:1cxx_enum_forward_declarations
    Feature record: CXX_FEATURE:1cxx_explicit_conversions
    Feature record: CXX_FEATURE:1cxx_extended_friend_declarations
    Feature record: CXX_FEATURE:1cxx_extern_templates
    Feature record: CXX_FEATURE:1cxx_final
    Feature record: CXX_FEATURE:1cxx_func_identifier
    Feature record: CXX_FEATURE:1cxx_generalized_initializers
    Feature record: CXX_FEATURE:0cxx_generic_lambdas
    Feature record: CXX_FEATURE:1cxx_inheriting_constructors
    Feature record: CXX_FEATURE:1cxx_inline_namespaces
    Feature record: CXX_FEATURE:1cxx_lambdas
    Feature record: CXX_FEATURE:0cxx_lambda_init_captures
    Feature record: CXX_FEATURE:1cxx_local_type_template_args
    Feature record: CXX_FEATURE:1cxx_long_long_type
    Feature record: CXX_FEATURE:1cxx_noexcept
    Feature record: CXX_FEATURE:1cxx_nonstatic_member_init
    Feature record: CXX_FEATURE:1cxx_nullptr
    Feature record: CXX_FEATURE:1cxx_override
    Feature record: CXX_FEATURE:1cxx_range_for
    Feature record: CXX_FEATURE:1cxx_raw_string_literals
    Feature record: CXX_FEATURE:1cxx_reference_qualified_functions
    Feature record: CXX_FEATURE:0cxx_relaxed_constexpr
    Feature record: CXX_FEATURE:0cxx_return_type_deduction
    Feature record: CXX_FEATURE:1cxx_right_angle_brackets
    Feature record: CXX_FEATURE:1cxx_rvalue_references
    Feature record: CXX_FEATURE:1cxx_sizeof_member
    Feature record: CXX_FEATURE:1cxx_static_assert
    Feature record: CXX_FEATURE:1cxx_strong_enums
    Feature record: CXX_FEATURE:1cxx_template_template_parameters
    Feature record: CXX_FEATURE:1cxx_thread_local
    Feature record: CXX_FEATURE:1cxx_trailing_return_types
    Feature record: CXX_FEATURE:1cxx_unicode_literals
    Feature record: CXX_FEATURE:1cxx_uniform_initialization
    Feature record: CXX_FEATURE:1cxx_unrestricted_unions
    Feature record: CXX_FEATURE:1cxx_user_literals
    Feature record: CXX_FEATURE:0cxx_variable_templates
    Feature record: CXX_FEATURE:1cxx_variadic_macros
    Feature record: CXX_FEATURE:1cxx_variadic_templates


Detecting CXX [-std=c++98] compiler features compiled with the following output:
Change Dir: /Users/jeremy/Documents/Louvain/Q4/Elements finis/ProjetMEF/PROJET/build/CMakeFiles/CMakeTmp

Run Build Command:"/usr/bin/make" "cmTC_35821/fast"
/Library/Developer/CommandLineTools/usr/bin/make -f CMakeFiles/cmTC_35821.dir/build.make CMakeFiles/cmTC_35821.dir/build
Building CXX object CMakeFiles/cmTC_35821.dir/feature_tests.cxx.o
/Library/Developer/CommandLineTools/usr/bin/c++    -std=c++98 -o CMakeFiles/cmTC_35821.dir/feature_tests.cxx.o -c "/Users/jeremy/Documents/Louvain/Q4/Elements finis/ProjetMEF/PROJET/build/CMakeFiles/feature_tests.cxx"
Linking CXX executable cmTC_35821
/usr/local/Cellar/cmake/3.9.2/bin/cmake -E cmake_link_script CMakeFiles/cmTC_35821.dir/link.txt --verbose=1
/Library/Developer/CommandLineTools/usr/bin/c++    -Wl,-search_paths_first -Wl,-headerpad_max_install_names   CMakeFiles/cmTC_35821.dir/feature_tests.cxx.o  -o cmTC_35821 


    Feature record: CXX_FEATURE:0cxx_aggregate_default_initializers
    Feature record: CXX_FEATURE:0cxx_alias_templates
    Feature record: CXX_FEATURE:0cxx_alignas
    Feature record: CXX_FEATURE:0cxx_alignof
    Feature record: CXX_FEATURE:0cxx_attributes
    Feature record: CXX_FEATURE:0cxx_attribute_deprecated
    Feature record: CXX_FEATURE:0cxx_auto_type
    Feature record: CXX_FEATURE:0cxx_binary_literals
    Feature record: CXX_FEATURE:0cxx_constexpr
    Feature record: CXX_FEATURE:0cxx_contextual_conversions
    Feature record: CXX_FEATURE:0cxx_decltype
    Feature record: CXX_FEATURE:0cxx_decltype_auto
    Feature record: CXX_FEATURE:0cxx_decltype_incomplete_return_types
    Feature record: CXX_FEATURE:0cxx_default_function_template_args
    Feature record: CXX_FEATURE:0cxx_defaulted_functions
    Feature record: CXX_FEATURE:0cxx_defaulted_move_initializers
    Feature record: CXX_FEATURE:0cxx_delegating_constructors
    Feature record: CXX_FEATURE:0cxx_deleted_functions
    Feature record: CXX_FEATURE:0cxx_digit_separators
    Feature record: CXX_FEATURE:0cxx_enum_forward_declarations
    Feature record: CXX_FEATURE:0cxx_explicit_conversions
    Feature record: CXX_FEATURE:0cxx_extended_friend_declarations
    Feature record: CXX_FEATURE:0cxx_extern_templates
    Feature record: CXX_FEATURE:0cxx_final
    Feature record: CXX_FEATURE:0cxx_func_identifier
    Feature record: CXX_FEATURE:0cxx_generalized_initializers
    Feature record: CXX_FEATURE:0cxx_generic_lambdas
    Feature record: CXX_FEATURE:0cxx_inheriting_constructors
    Feature record: CXX_FEATURE:0cxx_inline_namespaces
    Feature record: CXX_FEATURE:0cxx_lambdas
    Feature record: CXX_FEATURE:0cxx_lambda_init_captures
    Feature record: CXX_FEATURE:0cxx_local_type_template_args
    Feature record: CXX_FEATURE:0cxx_long_long_type
    Feature record: CXX_FEATURE:0cxx_noexcept
    Feature record: CXX_FEATURE:0cxx_nonstatic_member_init
    Feature record: CXX_FEATURE:0cxx_nullptr
    Feature record: CXX_FEATURE:0cxx_override
    Feature record: CXX_FEATURE:0cxx_range_for
    Feature record: CXX_FEATURE:0cxx_raw_string_literals
    Feature record: CXX_FEATURE:0cxx_reference_qualified_functions
    Feature record: CXX_FEATURE:0cxx_relaxed_constexpr
    Feature record: CXX_FEATURE:0cxx_return_type_deduction
    Feature record: CXX_FEATURE:0cxx_right_angle_brackets
    Feature record: CXX_FEATURE:0cxx_rvalue_references
    Feature record: CXX_FEATURE:0cxx_sizeof_member
    Feature record: CXX_FEATURE:0cxx_static_assert
    Feature record: CXX_FEATURE:0cxx_strong_enums
    Feature record: CXX_FEATURE:1cxx_template_template_parameters
    Feature record: CXX_FEATURE:0cxx_thread_local
    Feature record: CXX_FEATURE:0cxx_trailing_return_types
    Feature record: CXX_FEATURE:0cxx_unicode_literals
    Feature record: CXX_FEATURE:0cxx_uniform_initialization
    Feature record: CXX_FEATURE:0cxx_unrestricted_unions
    Feature record: CXX_FEATURE:0cxx_user_literals
    Feature record: CXX_FEATURE:0cxx_variable_templates
    Feature record: CXX_FEATURE:0cxx_variadic_macros
    Feature record: CXX_FEATURE:0cxx_variadic_templates
Determining if the include file pthread.h exists passed with the following output:
Change Dir: /Users/jeremy/Documents/Louvain/Q4/Elements finis/ProjetMEF/PROJET/build/CMakeFiles/CMakeTmp

Run Build Command:"/usr/bin/make" "cmTC_2e175/fast"
/Library/Developer/CommandLineTools/usr/bin/make -f CMakeFiles/cmTC_2e175.dir/build.make CMakeFiles/cmTC_2e175.dir/build
Building C object CMakeFiles/cmTC_2e175.dir/CheckIncludeFile.c.o
/Library/Developer/CommandLineTools/usr/bin/cc    -o CMakeFiles/cmTC_2e175.dir/CheckIncludeFile.c.o   -c "/Users/jeremy/Documents/Louvain/Q4/Elements finis/ProjetMEF/PROJET/build/CMakeFiles/CMakeTmp/CheckIncludeFile.c"
Linking C executable cmTC_2e175
/usr/local/Cellar/cmake/3.9.2/bin/cmake -E cmake_link_script CMakeFiles/cmTC_2e175.dir/link.txt --verbose=1
/Library/Developer/CommandLineTools/usr/bin/cc   -Wl,-search_paths_first -Wl,-headerpad_max_install_names   CMakeFiles/cmTC_2e175.dir/CheckIncludeFile.c.o  -o cmTC_2e175 


Determining if the pthread_create exist passed with the following output:
Change Dir: /Users/jeremy/Documents/Louvain/Q4/Elements finis/ProjetMEF/PROJET/build/CMakeFiles/CMakeTmp

Run Build Command:"/usr/bin/make" "cmTC_191e4/fast"
/Library/Developer/CommandLineTools/usr/bin/make -f CMakeFiles/cmTC_191e4.dir/build.make CMakeFiles/cmTC_191e4.dir/build
Building C object CMakeFiles/cmTC_191e4.dir/CheckSymbolExists.c.o
/Library/Developer/CommandLineTools/usr/bin/cc    -o CMakeFiles/cmTC_191e4.dir/CheckSymbolExists.c.o   -c "/Users/jeremy/Documents/Louvain/Q4/Elements finis/ProjetMEF/PROJET/build/CMakeFiles/CMakeTmp/CheckSymbolExists.c"
Linking C executable cmTC_191e4
/usr/local/Cellar/cmake/3.9.2/bin/cmake -E cmake_link_script CMakeFiles/cmTC_191e4.dir/link.txt --verbose=1
/Library/Developer/CommandLineTools/usr/bin/cc   -Wl,-search_paths_first -Wl,-headerpad_max_install_names   CMakeFiles/cmTC_191e4.dir/CheckSymbolExists.c.o  -o cmTC_191e4 

File /Users/jeremy/Documents/Louvain/Q4/Elements finis/ProjetMEF/PROJET/build/CMakeFiles/CMakeTmp/CheckSymbolExists.c:
/* */
#include <pthread.h>

int main(int argc, char** argv)
{
  (void)argv;
#ifndef pthread_create
  return ((int*)(&pthread_create))[argc];
#else
  (void)argc;
  return 0;
#endif
}

